<?xml version="1.0" encoding="UTF-8"?>
<!-- Generated by org.testng.reporters.JUnitXMLReporter -->
<testsuite ignored="4" hostname="LAPTOP-NR7AARSV" failures="0" tests="4" name="Test" time="0.076" errors="0" timestamp="2021-12-16T11:18:54 IST">
  <testcase classname="com.vtiger.generic.base" name="@BeforeClass browser" time="-1.639633734617E9">
    <failure type="org.testng.TestNGException" message="
Parameter &amp;apos;browser&amp;apos; is required by BeforeClass on method browser but has not been marked @Optional or defined
in E:\Automation\testngDistributedparllel.xml">
      <![CDATA[org.testng.TestNGException: 
Parameter 'browser' is required by BeforeClass on method browser but has not been marked @Optional or defined
in E:\Automation\testngDistributedparllel.xml
at java.base/java.util.ArrayList.forEach(ArrayList.java:1541)
... Removed 22 stack frames]]>
    </failure>
  </testcase> <!-- @BeforeClass browser -->
  <testcase classname="com.vtiger.generic.base" name="@BeforeMethod login" time="-1.639633734637E9">
    <skipped/>
  </testcase> <!-- @BeforeMethod login -->
  <testcase classname="com.vtiger.generic.base" name="@AfterMethod signout" time="-1.639633734643E9">
    <skipped/>
  </testcase> <!-- @AfterMethod signout -->
  <testcase classname="com.vtiger.generic.base" name="@AfterClass quit" time="-1.639633734646E9">
    <skipped/>
  </testcase> <!-- @AfterClass quit -->
  <testcase classname="com.vtiger.generic.base" name="@BeforeClass browser" time="-1.63963373465E9">
    <failure type="org.testng.TestNGException" message="
Parameter &amp;apos;browser&amp;apos; is required by BeforeClass on method browser but has not been marked @Optional or defined
in E:\Automation\testngDistributedparllel.xml">
      <![CDATA[org.testng.TestNGException: 
Parameter 'browser' is required by BeforeClass on method browser but has not been marked @Optional or defined
in E:\Automation\testngDistributedparllel.xml
at java.base/java.util.ArrayList.forEach(ArrayList.java:1541)
... Removed 22 stack frames]]>
    </failure>
  </testcase> <!-- @BeforeClass browser -->
  <testcase classname="com.vtiger.generic.base" name="@BeforeMethod login" time="-1.639633734653E9">
    <skipped/>
  </testcase> <!-- @BeforeMethod login -->
  <testcase classname="com.vtiger.generic.base" name="@AfterMethod signout" time="-1.639633734659E9">
    <skipped/>
  </testcase> <!-- @AfterMethod signout -->
  <testcase classname="com.vtiger.generic.base" name="@BeforeMethod login" time="-1.639633734659E9">
    <skipped/>
  </testcase> <!-- @BeforeMethod login -->
  <testcase classname="com.vtiger.generic.base" name="@AfterMethod signout" time="-1.639633734664E9">
    <skipped/>
  </testcase> <!-- @AfterMethod signout -->
  <testcase classname="com.vtiger.generic.base" name="@AfterClass quit" time="-1.639633734665E9">
    <skipped/>
  </testcase> <!-- @AfterClass quit -->
  <testcase classname="com.vtiger.generic.base" name="@BeforeClass browser" time="-1.639633734666E9">
    <failure type="org.testng.TestNGException" message="
Parameter &amp;apos;browser&amp;apos; is required by BeforeClass on method browser but has not been marked @Optional or defined
in E:\Automation\testngDistributedparllel.xml">
      <![CDATA[org.testng.TestNGException: 
Parameter 'browser' is required by BeforeClass on method browser but has not been marked @Optional or defined
in E:\Automation\testngDistributedparllel.xml
at java.base/java.util.ArrayList.forEach(ArrayList.java:1541)
... Removed 22 stack frames]]>
    </failure>
  </testcase> <!-- @BeforeClass browser -->
  <testcase classname="com.vtiger.generic.base" name="@BeforeMethod login" time="-1.639633734668E9">
    <skipped/>
  </testcase> <!-- @BeforeMethod login -->
  <testcase classname="com.vtiger.generic.base" name="@AfterMethod signout" time="-1.639633734672E9">
    <skipped/>
  </testcase> <!-- @AfterMethod signout -->
  <testcase classname="com.vtiger.generic.base" name="@AfterClass quit" time="-1.639633734672E9">
    <skipped/>
  </testcase> <!-- @AfterClass quit -->
  <testcase classname="com.vtiger.organization.Tc002_Createorganizationbydropdown_Test" name="createOrgdropdown" time="0.0">
    <skipped/>
  </testcase> <!-- createOrgdropdown -->
  <testcase classname="com.vtiger.organization.Tc001_Createorganisation_Test" name="createOrganphone" time="0.0">
    <skipped/>
  </testcase> <!-- createOrganphone -->
  <testcase classname="com.vtiger.organization.Tc001_Createorganisation_Test" name="openbrowser" time="0.0">
    <skipped/>
  </testcase> <!-- openbrowser -->
  <testcase classname="com.vtiger.organization.Tc003_CreateContactusingOrganizationName_Test" name="createorganzizationwithcontact" time="0.0">
    <skipped/>
  </testcase> <!-- createorganzizationwithcontact -->
  <testcase classname="com.vtiger.generic.base" name="@BeforeSuite dbconnection" time="0.0">
    <ignored/>
  </testcase> <!-- @BeforeSuite dbconnection -->
  <testcase classname="com.vtiger.generic.base" name="@BeforeSuite dbconnection" time="0.0">
    <ignored/>
  </testcase> <!-- @BeforeSuite dbconnection -->
  <testcase classname="com.vtiger.generic.base" name="@AfterSuite dbclose" time="0.0">
    <ignored/>
  </testcase> <!-- @AfterSuite dbclose -->
  <testcase classname="com.vtiger.generic.base" name="@AfterSuite dbclose" time="0.0">
    <ignored/>
  </testcase> <!-- @AfterSuite dbclose -->
</testsuite> <!-- Test -->
