<?xml version="1.0" encoding="UTF-8"?>
<testng-results ignored="0" total="1" passed="1" failed="0" skipped="0">
  <reporter-output>
  </reporter-output>
  <suite started-at="2022-01-25T22:05:46 IST" name="Default suite" finished-at="2022-01-25T22:05:46 IST" duration-ms="291">
    <groups>
    </groups>
    <test started-at="2022-01-25T22:05:46 IST" name="Default test" finished-at="2022-01-25T22:05:46 IST" duration-ms="291">
      <class name="com.jdbc.connections.ExecuteQueryTest">
        <test-method signature="executeQueryTest()[pri:0, instance:com.jdbc.connections.ExecuteQueryTest@21e360a]" started-at="2022-01-25T22:05:46 IST" name="executeQueryTest" finished-at="2022-01-25T22:05:46 IST" duration-ms="246" status="PASS">
          <reporter-output>
          </reporter-output>
        </test-method> <!-- executeQueryTest -->
      </class> <!-- com.jdbc.connections.ExecuteQueryTest -->
    </test> <!-- Default test -->
  </suite> <!-- Default suite -->
</testng-results>
